Watching for file changes with StatReloader
Not Found: /api/placeholder/300/300
Not Found: /api/placeholder/600/400
Not Found: /api/placeholder/600/300
Not Found: /api/placeholder/600/300
Not Found: /api/placeholder/300/300
Not Found: /api/placeholder/600/400
Not Found: /api/placeholder/300/300
Not Found: /api/placeholder/600/400
Not Found: /api/placeholder/600/300
Not Found: /api/placeholder/300/300
Not Found: /api/placeholder/600/400
Not Found: /api/placeholder/600/300
Not Found: /api/placeholder/300/300
Not Found: /api/placeholder/600/300
Not Found: /api/placeholder/600/400
Not Found: /api/placeholder/32/32
Not Found: /api/placeholder/200/200
Not Found: /api/placeholder/32/32
Not Found: /api/placeholder/200/200
Not Found: /api/placeholder/32/32
Not Found: /api/placeholder/200/200
Not Found: /api/placeholder/300/300
Not Found: /api/placeholder/600/400
Not Found: /api/placeholder/600/300
/home/diyor/sardor/ecomm_new/app/models.py changed, reloading.
Watching for file changes with StatReloader
/home/diyor/sardor/ecomm_new/app/forms.py changed, reloading.
Watching for file changes with StatReloader
Watching for file changes with StatReloader
Not Found: /api/placeholder/600/400
Not Found: /api/placeholder/600/300
Not Found: /api/placeholder/300/300
Not Found: /api/placeholder/600/300
Not Found: /api/placeholder/600/400
Not Found: /api/placeholder/300/300
Not Found: /api/placeholder/200/200
Not Found: /api/placeholder/32/32
/home/diyor/sardor/ecomm_new/app/forms.py changed, reloading.
Watching for file changes with StatReloader
Not Found: /api/placeholder/200/200
Not Found: /api/placeholder/32/32
Not Found: /api/placeholder/32/32
Not Found: /api/placeholder/200/200
Not Found: /api/placeholder/32/32
Not Found: /api/placeholder/200/200
Not Found: /api/placeholder/32/32
Not Found: /api/placeholder/200/200
Not Found: /api/placeholder/32/32
Not Found: /api/placeholder/200/200
Not Found: /api/placeholder/200/200
Not Found: /api/placeholder/32/32
Not Found: /api/placeholder/32/32
Not Found: /api/placeholder/200/200
Not Found: /api/placeholder/32/32
Not Found: /api/placeholder/200/200
Not Found: /api/placeholder/32/32
Not Found: /api/placeholder/200/200
Not Found: /api/placeholder/200/200
Not Found: /api/placeholder/32/32
Not Found: /api/placeholder/32/32
Not Found: /api/placeholder/200/200
Not Found: /api/placeholder/32/32
Not Found: /api/placeholder/200/200
/home/diyor/sardor/ecomm_new/app/forms.py changed, reloading.
Watching for file changes with StatReloader
Not Found: /api/placeholder/200/200
Not Found: /api/placeholder/32/32
Not Found: /api/placeholder/32/32
Not Found: /api/placeholder/200/200
Not Found: /api/placeholder/32/32
Not Found: /api/placeholder/200/200
Not Found: /api/placeholder/200/200
Not Found: /api/placeholder/32/32
Not Found: /api/placeholder/200/200
Not Found: /api/placeholder/32/32
/home/diyor/sardor/ecomm_new/app/views.py changed, reloading.
Watching for file changes with StatReloader
Not Found: /api/placeholder/200/200
Not Found: /api/placeholder/32/32
Not Found: /api/placeholder/200/200
Not Found: /api/placeholder/32/32
Not Found: /api/placeholder/32/32
Not Found: /api/placeholder/200/200
Not Found: /api/placeholder/32/32
Not Found: /api/placeholder/200/200
Not Found: /api/placeholder/32/32
Not Found: /api/placeholder/200/200
Not Found: /api/placeholder/32/32
Not Found: /api/placeholder/200/200
Not Found: /admin
Not Found: /admin/
/home/diyor/sardor/ecomm_new/ecomm_new/urls.py changed, reloading.
Watching for file changes with StatReloader
/home/diyor/sardor/ecomm_new/app/admin.py changed, reloading.
Watching for file changes with StatReloader
/home/diyor/sardor/ecomm_new/app/admin.py changed, reloading.
Watching for file changes with StatReloader
Not Found: /api/placeholder/32/32
Not Found: /api/placeholder/200/200
Not Found: /api/placeholder/300/300
Not Found: /api/placeholder/600/300
Not Found: /api/placeholder/600/400
Not Found: /api/placeholder/600/300
Not Found: /api/placeholder/600/400
Not Found: /api/placeholder/300/300
Not Found: /api/placeholder/300/300
Not Found: /api/placeholder/600/400
Not Found: /api/placeholder/600/300
Not Found: /api/placeholder/600/400
Not Found: /api/placeholder/300/300
Not Found: /api/placeholder/600/300
Not Found: /api/placeholder/600/300
Not Found: /api/placeholder/300/300
Not Found: /api/placeholder/600/400
Not Found: /api/placeholder/300/300
Not Found: /api/placeholder/600/400
Not Found: /api/placeholder/600/300
Not Found: /api/placeholder/600/400
Not Found: /api/placeholder/300/300
Not Found: /api/placeholder/600/300
Not Found: /api/placeholder/300/300
Not Found: /api/placeholder/600/300
Not Found: /api/placeholder/600/400
Not Found: /api/placeholder/300/300
Not Found: /api/placeholder/600/300
Not Found: /api/placeholder/600/400
Not Found: /api/placeholder/300/300
Not Found: /api/placeholder/600/400
Not Found: /api/placeholder/600/300
Not Found: /api/placeholder/300/300
Not Found: /api/placeholder/600/400
Not Found: /api/placeholder/600/300
Not Found: /api/placeholder/600/400
Not Found: /api/placeholder/300/300
Not Found: /api/placeholder/600/300
Not Found: /api/placeholder/600/400
Not Found: /api/placeholder/600/300
Not Found: /api/placeholder/300/300
Not Found: /api/placeholder/600/400
Not Found: /api/placeholder/600/300
Not Found: /api/placeholder/300/300
Not Found: /api/placeholder/300/300
Not Found: /api/placeholder/600/400
Not Found: /api/placeholder/600/300
Not Found: /api/placeholder/300/300
Not Found: /api/placeholder/600/400
Not Found: /api/placeholder/600/300
Not Found: /api/placeholder/300/300
Not Found: /api/placeholder/600/400
Not Found: /api/placeholder/600/300
Not Found: /api/placeholder/300/300
Not Found: /api/placeholder/600/300
Not Found: /api/placeholder/600/400
Not Found: /api/placeholder/300/300
Not Found: /api/placeholder/600/400
Not Found: /api/placeholder/600/300
Not Found: /api/placeholder/300/300
Not Found: /api/placeholder/600/400
Not Found: /api/placeholder/600/300
Not Found: /api/placeholder/600/300
Not Found: /api/placeholder/300/300
Not Found: /api/placeholder/600/400
Internal Server Error: /
Traceback (most recent call last):
  File "/home/diyor/sardor/ecomm_new/.venv/lib/python3.10/site-packages/django/core/handlers/exception.py", line 55, in inner
    response = get_response(request)
  File "/home/diyor/sardor/ecomm_new/.venv/lib/python3.10/site-packages/django/core/handlers/base.py", line 220, in _get_response
    response = response.render()
  File "/home/diyor/sardor/ecomm_new/.venv/lib/python3.10/site-packages/django/template/response.py", line 114, in render
    self.content = self.rendered_content
  File "/home/diyor/sardor/ecomm_new/.venv/lib/python3.10/site-packages/django/template/response.py", line 90, in rendered_content
    template = self.resolve_template(self.template_name)
  File "/home/diyor/sardor/ecomm_new/.venv/lib/python3.10/site-packages/django/template/response.py", line 72, in resolve_template
    return select_template(template, using=self.using)
  File "/home/diyor/sardor/ecomm_new/.venv/lib/python3.10/site-packages/django/template/loader.py", line 42, in select_template
    return engine.get_template(template_name)
  File "/home/diyor/sardor/ecomm_new/.venv/lib/python3.10/site-packages/django/template/backends/django.py", line 79, in get_template
    return Template(self.engine.get_template(template_name), self)
  File "/home/diyor/sardor/ecomm_new/.venv/lib/python3.10/site-packages/django/template/engine.py", line 177, in get_template
    template, origin = self.find_template(template_name)
  File "/home/diyor/sardor/ecomm_new/.venv/lib/python3.10/site-packages/django/template/engine.py", line 159, in find_template
    template = loader.get_template(name, skip=skip)
  File "/home/diyor/sardor/ecomm_new/.venv/lib/python3.10/site-packages/django/template/loaders/cached.py", line 57, in get_template
    template = super().get_template(template_name, skip)
  File "/home/diyor/sardor/ecomm_new/.venv/lib/python3.10/site-packages/django/template/loaders/base.py", line 28, in get_template
    return Template(
  File "/home/diyor/sardor/ecomm_new/.venv/lib/python3.10/site-packages/django/template/base.py", line 154, in __init__
    self.nodelist = self.compile_nodelist()
  File "/home/diyor/sardor/ecomm_new/.venv/lib/python3.10/site-packages/django/template/base.py", line 196, in compile_nodelist
    nodelist = parser.parse()
  File "/home/diyor/sardor/ecomm_new/.venv/lib/python3.10/site-packages/django/template/base.py", line 518, in parse
    raise self.error(token, e)
  File "/home/diyor/sardor/ecomm_new/.venv/lib/python3.10/site-packages/django/template/base.py", line 516, in parse
    compiled_result = compile_func(self, token)
  File "/home/diyor/sardor/ecomm_new/.venv/lib/python3.10/site-packages/django/template/loader_tags.py", line 234, in do_block
    nodelist = parser.parse(("endblock",))
  File "/home/diyor/sardor/ecomm_new/.venv/lib/python3.10/site-packages/django/template/base.py", line 518, in parse
    raise self.error(token, e)
  File "/home/diyor/sardor/ecomm_new/.venv/lib/python3.10/site-packages/django/template/base.py", line 516, in parse
    compiled_result = compile_func(self, token)
  File "/home/diyor/sardor/ecomm_new/.venv/lib/python3.10/site-packages/django/template/defaulttags.py", line 862, in do_for
    nodelist_loop = parser.parse(
  File "/home/diyor/sardor/ecomm_new/.venv/lib/python3.10/site-packages/django/template/base.py", line 518, in parse
    raise self.error(token, e)
  File "/home/diyor/sardor/ecomm_new/.venv/lib/python3.10/site-packages/django/template/base.py", line 516, in parse
    compiled_result = compile_func(self, token)
  File "/home/diyor/sardor/ecomm_new/.venv/lib/python3.10/site-packages/django/template/defaulttags.py", line 1531, in do_with
    extra_context = token_kwargs(remaining_bits, parser, support_legacy=True)
  File "/home/diyor/sardor/ecomm_new/.venv/lib/python3.10/site-packages/django/template/base.py", line 1119, in token_kwargs
    kwargs[key] = parser.compile_filter(value)
  File "/home/diyor/sardor/ecomm_new/.venv/lib/python3.10/site-packages/django/template/base.py", line 605, in compile_filter
    return FilterExpression(token, self)
  File "/home/diyor/sardor/ecomm_new/.venv/lib/python3.10/site-packages/django/template/base.py", line 706, in __init__
    raise TemplateSyntaxError(
django.template.exceptions.TemplateSyntaxError: Could not parse the remainder: '=True.first' from 'category.images.filter.is_primary=True.first'
Internal Server Error: /
Traceback (most recent call last):
  File "/home/diyor/sardor/ecomm_new/.venv/lib/python3.10/site-packages/django/core/handlers/exception.py", line 55, in inner
    response = get_response(request)
  File "/home/diyor/sardor/ecomm_new/.venv/lib/python3.10/site-packages/django/core/handlers/base.py", line 220, in _get_response
    response = response.render()
  File "/home/diyor/sardor/ecomm_new/.venv/lib/python3.10/site-packages/django/template/response.py", line 114, in render
    self.content = self.rendered_content
  File "/home/diyor/sardor/ecomm_new/.venv/lib/python3.10/site-packages/django/template/response.py", line 90, in rendered_content
    template = self.resolve_template(self.template_name)
  File "/home/diyor/sardor/ecomm_new/.venv/lib/python3.10/site-packages/django/template/response.py", line 72, in resolve_template
    return select_template(template, using=self.using)
  File "/home/diyor/sardor/ecomm_new/.venv/lib/python3.10/site-packages/django/template/loader.py", line 42, in select_template
    return engine.get_template(template_name)
  File "/home/diyor/sardor/ecomm_new/.venv/lib/python3.10/site-packages/django/template/backends/django.py", line 79, in get_template
    return Template(self.engine.get_template(template_name), self)
  File "/home/diyor/sardor/ecomm_new/.venv/lib/python3.10/site-packages/django/template/engine.py", line 177, in get_template
    template, origin = self.find_template(template_name)
  File "/home/diyor/sardor/ecomm_new/.venv/lib/python3.10/site-packages/django/template/engine.py", line 159, in find_template
    template = loader.get_template(name, skip=skip)
  File "/home/diyor/sardor/ecomm_new/.venv/lib/python3.10/site-packages/django/template/loaders/cached.py", line 57, in get_template
    template = super().get_template(template_name, skip)
  File "/home/diyor/sardor/ecomm_new/.venv/lib/python3.10/site-packages/django/template/loaders/base.py", line 28, in get_template
    return Template(
  File "/home/diyor/sardor/ecomm_new/.venv/lib/python3.10/site-packages/django/template/base.py", line 154, in __init__
    self.nodelist = self.compile_nodelist()
  File "/home/diyor/sardor/ecomm_new/.venv/lib/python3.10/site-packages/django/template/base.py", line 196, in compile_nodelist
    nodelist = parser.parse()
  File "/home/diyor/sardor/ecomm_new/.venv/lib/python3.10/site-packages/django/template/base.py", line 518, in parse
    raise self.error(token, e)
  File "/home/diyor/sardor/ecomm_new/.venv/lib/python3.10/site-packages/django/template/base.py", line 516, in parse
    compiled_result = compile_func(self, token)
  File "/home/diyor/sardor/ecomm_new/.venv/lib/python3.10/site-packages/django/template/loader_tags.py", line 234, in do_block
    nodelist = parser.parse(("endblock",))
  File "/home/diyor/sardor/ecomm_new/.venv/lib/python3.10/site-packages/django/template/base.py", line 518, in parse
    raise self.error(token, e)
  File "/home/diyor/sardor/ecomm_new/.venv/lib/python3.10/site-packages/django/template/base.py", line 516, in parse
    compiled_result = compile_func(self, token)
  File "/home/diyor/sardor/ecomm_new/.venv/lib/python3.10/site-packages/django/template/defaulttags.py", line 862, in do_for
    nodelist_loop = parser.parse(
  File "/home/diyor/sardor/ecomm_new/.venv/lib/python3.10/site-packages/django/template/base.py", line 518, in parse
    raise self.error(token, e)
  File "/home/diyor/sardor/ecomm_new/.venv/lib/python3.10/site-packages/django/template/base.py", line 516, in parse
    compiled_result = compile_func(self, token)
  File "/home/diyor/sardor/ecomm_new/.venv/lib/python3.10/site-packages/django/template/defaulttags.py", line 1531, in do_with
    extra_context = token_kwargs(remaining_bits, parser, support_legacy=True)
  File "/home/diyor/sardor/ecomm_new/.venv/lib/python3.10/site-packages/django/template/base.py", line 1119, in token_kwargs
    kwargs[key] = parser.compile_filter(value)
  File "/home/diyor/sardor/ecomm_new/.venv/lib/python3.10/site-packages/django/template/base.py", line 605, in compile_filter
    return FilterExpression(token, self)
  File "/home/diyor/sardor/ecomm_new/.venv/lib/python3.10/site-packages/django/template/base.py", line 706, in __init__
    raise TemplateSyntaxError(
django.template.exceptions.TemplateSyntaxError: Could not parse the remainder: '=True.first' from 'category.images.filter.is_primary=True.first'
Internal Server Error: /
Traceback (most recent call last):
  File "/home/diyor/sardor/ecomm_new/.venv/lib/python3.10/site-packages/django/core/handlers/exception.py", line 55, in inner
    response = get_response(request)
  File "/home/diyor/sardor/ecomm_new/.venv/lib/python3.10/site-packages/django/core/handlers/base.py", line 220, in _get_response
    response = response.render()
  File "/home/diyor/sardor/ecomm_new/.venv/lib/python3.10/site-packages/django/template/response.py", line 114, in render
    self.content = self.rendered_content
  File "/home/diyor/sardor/ecomm_new/.venv/lib/python3.10/site-packages/django/template/response.py", line 90, in rendered_content
    template = self.resolve_template(self.template_name)
  File "/home/diyor/sardor/ecomm_new/.venv/lib/python3.10/site-packages/django/template/response.py", line 72, in resolve_template
    return select_template(template, using=self.using)
  File "/home/diyor/sardor/ecomm_new/.venv/lib/python3.10/site-packages/django/template/loader.py", line 42, in select_template
    return engine.get_template(template_name)
  File "/home/diyor/sardor/ecomm_new/.venv/lib/python3.10/site-packages/django/template/backends/django.py", line 79, in get_template
    return Template(self.engine.get_template(template_name), self)
  File "/home/diyor/sardor/ecomm_new/.venv/lib/python3.10/site-packages/django/template/engine.py", line 177, in get_template
    template, origin = self.find_template(template_name)
  File "/home/diyor/sardor/ecomm_new/.venv/lib/python3.10/site-packages/django/template/engine.py", line 159, in find_template
    template = loader.get_template(name, skip=skip)
  File "/home/diyor/sardor/ecomm_new/.venv/lib/python3.10/site-packages/django/template/loaders/cached.py", line 57, in get_template
    template = super().get_template(template_name, skip)
  File "/home/diyor/sardor/ecomm_new/.venv/lib/python3.10/site-packages/django/template/loaders/base.py", line 28, in get_template
    return Template(
  File "/home/diyor/sardor/ecomm_new/.venv/lib/python3.10/site-packages/django/template/base.py", line 154, in __init__
    self.nodelist = self.compile_nodelist()
  File "/home/diyor/sardor/ecomm_new/.venv/lib/python3.10/site-packages/django/template/base.py", line 196, in compile_nodelist
    nodelist = parser.parse()
  File "/home/diyor/sardor/ecomm_new/.venv/lib/python3.10/site-packages/django/template/base.py", line 518, in parse
    raise self.error(token, e)
  File "/home/diyor/sardor/ecomm_new/.venv/lib/python3.10/site-packages/django/template/base.py", line 516, in parse
    compiled_result = compile_func(self, token)
  File "/home/diyor/sardor/ecomm_new/.venv/lib/python3.10/site-packages/django/template/loader_tags.py", line 234, in do_block
    nodelist = parser.parse(("endblock",))
  File "/home/diyor/sardor/ecomm_new/.venv/lib/python3.10/site-packages/django/template/base.py", line 518, in parse
    raise self.error(token, e)
  File "/home/diyor/sardor/ecomm_new/.venv/lib/python3.10/site-packages/django/template/base.py", line 516, in parse
    compiled_result = compile_func(self, token)
  File "/home/diyor/sardor/ecomm_new/.venv/lib/python3.10/site-packages/django/template/defaulttags.py", line 862, in do_for
    nodelist_loop = parser.parse(
  File "/home/diyor/sardor/ecomm_new/.venv/lib/python3.10/site-packages/django/template/base.py", line 518, in parse
    raise self.error(token, e)
  File "/home/diyor/sardor/ecomm_new/.venv/lib/python3.10/site-packages/django/template/base.py", line 516, in parse
    compiled_result = compile_func(self, token)
  File "/home/diyor/sardor/ecomm_new/.venv/lib/python3.10/site-packages/django/template/defaulttags.py", line 1531, in do_with
    extra_context = token_kwargs(remaining_bits, parser, support_legacy=True)
  File "/home/diyor/sardor/ecomm_new/.venv/lib/python3.10/site-packages/django/template/base.py", line 1119, in token_kwargs
    kwargs[key] = parser.compile_filter(value)
  File "/home/diyor/sardor/ecomm_new/.venv/lib/python3.10/site-packages/django/template/base.py", line 605, in compile_filter
    return FilterExpression(token, self)
  File "/home/diyor/sardor/ecomm_new/.venv/lib/python3.10/site-packages/django/template/base.py", line 706, in __init__
    raise TemplateSyntaxError(
django.template.exceptions.TemplateSyntaxError: Could not parse the remainder: '=True.first' from 'category.images.filter.is_primary=True.first'
Internal Server Error: /
Traceback (most recent call last):
  File "/home/diyor/sardor/ecomm_new/.venv/lib/python3.10/site-packages/django/core/handlers/exception.py", line 55, in inner
    response = get_response(request)
  File "/home/diyor/sardor/ecomm_new/.venv/lib/python3.10/site-packages/django/core/handlers/base.py", line 220, in _get_response
    response = response.render()
  File "/home/diyor/sardor/ecomm_new/.venv/lib/python3.10/site-packages/django/template/response.py", line 114, in render
    self.content = self.rendered_content
  File "/home/diyor/sardor/ecomm_new/.venv/lib/python3.10/site-packages/django/template/response.py", line 90, in rendered_content
    template = self.resolve_template(self.template_name)
  File "/home/diyor/sardor/ecomm_new/.venv/lib/python3.10/site-packages/django/template/response.py", line 72, in resolve_template
    return select_template(template, using=self.using)
  File "/home/diyor/sardor/ecomm_new/.venv/lib/python3.10/site-packages/django/template/loader.py", line 42, in select_template
    return engine.get_template(template_name)
  File "/home/diyor/sardor/ecomm_new/.venv/lib/python3.10/site-packages/django/template/backends/django.py", line 79, in get_template
    return Template(self.engine.get_template(template_name), self)
  File "/home/diyor/sardor/ecomm_new/.venv/lib/python3.10/site-packages/django/template/engine.py", line 177, in get_template
    template, origin = self.find_template(template_name)
  File "/home/diyor/sardor/ecomm_new/.venv/lib/python3.10/site-packages/django/template/engine.py", line 159, in find_template
    template = loader.get_template(name, skip=skip)
  File "/home/diyor/sardor/ecomm_new/.venv/lib/python3.10/site-packages/django/template/loaders/cached.py", line 57, in get_template
    template = super().get_template(template_name, skip)
  File "/home/diyor/sardor/ecomm_new/.venv/lib/python3.10/site-packages/django/template/loaders/base.py", line 28, in get_template
    return Template(
  File "/home/diyor/sardor/ecomm_new/.venv/lib/python3.10/site-packages/django/template/base.py", line 154, in __init__
    self.nodelist = self.compile_nodelist()
  File "/home/diyor/sardor/ecomm_new/.venv/lib/python3.10/site-packages/django/template/base.py", line 196, in compile_nodelist
    nodelist = parser.parse()
  File "/home/diyor/sardor/ecomm_new/.venv/lib/python3.10/site-packages/django/template/base.py", line 518, in parse
    raise self.error(token, e)
  File "/home/diyor/sardor/ecomm_new/.venv/lib/python3.10/site-packages/django/template/base.py", line 516, in parse
    compiled_result = compile_func(self, token)
  File "/home/diyor/sardor/ecomm_new/.venv/lib/python3.10/site-packages/django/template/loader_tags.py", line 234, in do_block
    nodelist = parser.parse(("endblock",))
  File "/home/diyor/sardor/ecomm_new/.venv/lib/python3.10/site-packages/django/template/base.py", line 518, in parse
    raise self.error(token, e)
  File "/home/diyor/sardor/ecomm_new/.venv/lib/python3.10/site-packages/django/template/base.py", line 516, in parse
    compiled_result = compile_func(self, token)
  File "/home/diyor/sardor/ecomm_new/.venv/lib/python3.10/site-packages/django/template/defaulttags.py", line 862, in do_for
    nodelist_loop = parser.parse(
  File "/home/diyor/sardor/ecomm_new/.venv/lib/python3.10/site-packages/django/template/base.py", line 518, in parse
    raise self.error(token, e)
  File "/home/diyor/sardor/ecomm_new/.venv/lib/python3.10/site-packages/django/template/base.py", line 516, in parse
    compiled_result = compile_func(self, token)
  File "/home/diyor/sardor/ecomm_new/.venv/lib/python3.10/site-packages/django/template/defaulttags.py", line 1531, in do_with
    extra_context = token_kwargs(remaining_bits, parser, support_legacy=True)
  File "/home/diyor/sardor/ecomm_new/.venv/lib/python3.10/site-packages/django/template/base.py", line 1119, in token_kwargs
    kwargs[key] = parser.compile_filter(value)
  File "/home/diyor/sardor/ecomm_new/.venv/lib/python3.10/site-packages/django/template/base.py", line 605, in compile_filter
    return FilterExpression(token, self)
  File "/home/diyor/sardor/ecomm_new/.venv/lib/python3.10/site-packages/django/template/base.py", line 706, in __init__
    raise TemplateSyntaxError(
django.template.exceptions.TemplateSyntaxError: Could not parse the remainder: '=True.first' from 'category.images.filter.is_primary=True.first'
Internal Server Error: /
Traceback (most recent call last):
  File "/home/diyor/sardor/ecomm_new/.venv/lib/python3.10/site-packages/django/core/handlers/exception.py", line 55, in inner
    response = get_response(request)
  File "/home/diyor/sardor/ecomm_new/.venv/lib/python3.10/site-packages/django/core/handlers/base.py", line 220, in _get_response
    response = response.render()
  File "/home/diyor/sardor/ecomm_new/.venv/lib/python3.10/site-packages/django/template/response.py", line 114, in render
    self.content = self.rendered_content
  File "/home/diyor/sardor/ecomm_new/.venv/lib/python3.10/site-packages/django/template/response.py", line 90, in rendered_content
    template = self.resolve_template(self.template_name)
  File "/home/diyor/sardor/ecomm_new/.venv/lib/python3.10/site-packages/django/template/response.py", line 72, in resolve_template
    return select_template(template, using=self.using)
  File "/home/diyor/sardor/ecomm_new/.venv/lib/python3.10/site-packages/django/template/loader.py", line 42, in select_template
    return engine.get_template(template_name)
  File "/home/diyor/sardor/ecomm_new/.venv/lib/python3.10/site-packages/django/template/backends/django.py", line 79, in get_template
    return Template(self.engine.get_template(template_name), self)
  File "/home/diyor/sardor/ecomm_new/.venv/lib/python3.10/site-packages/django/template/engine.py", line 177, in get_template
    template, origin = self.find_template(template_name)
  File "/home/diyor/sardor/ecomm_new/.venv/lib/python3.10/site-packages/django/template/engine.py", line 159, in find_template
    template = loader.get_template(name, skip=skip)
  File "/home/diyor/sardor/ecomm_new/.venv/lib/python3.10/site-packages/django/template/loaders/cached.py", line 57, in get_template
    template = super().get_template(template_name, skip)
  File "/home/diyor/sardor/ecomm_new/.venv/lib/python3.10/site-packages/django/template/loaders/base.py", line 28, in get_template
    return Template(
  File "/home/diyor/sardor/ecomm_new/.venv/lib/python3.10/site-packages/django/template/base.py", line 154, in __init__
    self.nodelist = self.compile_nodelist()
  File "/home/diyor/sardor/ecomm_new/.venv/lib/python3.10/site-packages/django/template/base.py", line 196, in compile_nodelist
    nodelist = parser.parse()
  File "/home/diyor/sardor/ecomm_new/.venv/lib/python3.10/site-packages/django/template/base.py", line 518, in parse
    raise self.error(token, e)
  File "/home/diyor/sardor/ecomm_new/.venv/lib/python3.10/site-packages/django/template/base.py", line 516, in parse
    compiled_result = compile_func(self, token)
  File "/home/diyor/sardor/ecomm_new/.venv/lib/python3.10/site-packages/django/template/loader_tags.py", line 234, in do_block
    nodelist = parser.parse(("endblock",))
  File "/home/diyor/sardor/ecomm_new/.venv/lib/python3.10/site-packages/django/template/base.py", line 518, in parse
    raise self.error(token, e)
  File "/home/diyor/sardor/ecomm_new/.venv/lib/python3.10/site-packages/django/template/base.py", line 516, in parse
    compiled_result = compile_func(self, token)
  File "/home/diyor/sardor/ecomm_new/.venv/lib/python3.10/site-packages/django/template/defaulttags.py", line 862, in do_for
    nodelist_loop = parser.parse(
  File "/home/diyor/sardor/ecomm_new/.venv/lib/python3.10/site-packages/django/template/base.py", line 518, in parse
    raise self.error(token, e)
  File "/home/diyor/sardor/ecomm_new/.venv/lib/python3.10/site-packages/django/template/base.py", line 516, in parse
    compiled_result = compile_func(self, token)
  File "/home/diyor/sardor/ecomm_new/.venv/lib/python3.10/site-packages/django/template/defaulttags.py", line 1531, in do_with
    extra_context = token_kwargs(remaining_bits, parser, support_legacy=True)
  File "/home/diyor/sardor/ecomm_new/.venv/lib/python3.10/site-packages/django/template/base.py", line 1119, in token_kwargs
    kwargs[key] = parser.compile_filter(value)
  File "/home/diyor/sardor/ecomm_new/.venv/lib/python3.10/site-packages/django/template/base.py", line 605, in compile_filter
    return FilterExpression(token, self)
  File "/home/diyor/sardor/ecomm_new/.venv/lib/python3.10/site-packages/django/template/base.py", line 706, in __init__
    raise TemplateSyntaxError(
django.template.exceptions.TemplateSyntaxError: Could not parse the remainder: '=True.first' from 'category.images.filter.is_primary=True.first'
Internal Server Error: /
Traceback (most recent call last):
  File "/home/diyor/sardor/ecomm_new/.venv/lib/python3.10/site-packages/django/core/handlers/exception.py", line 55, in inner
    response = get_response(request)
  File "/home/diyor/sardor/ecomm_new/.venv/lib/python3.10/site-packages/django/core/handlers/base.py", line 220, in _get_response
    response = response.render()
  File "/home/diyor/sardor/ecomm_new/.venv/lib/python3.10/site-packages/django/template/response.py", line 114, in render
    self.content = self.rendered_content
  File "/home/diyor/sardor/ecomm_new/.venv/lib/python3.10/site-packages/django/template/response.py", line 90, in rendered_content
    template = self.resolve_template(self.template_name)
  File "/home/diyor/sardor/ecomm_new/.venv/lib/python3.10/site-packages/django/template/response.py", line 72, in resolve_template
    return select_template(template, using=self.using)
  File "/home/diyor/sardor/ecomm_new/.venv/lib/python3.10/site-packages/django/template/loader.py", line 42, in select_template
    return engine.get_template(template_name)
  File "/home/diyor/sardor/ecomm_new/.venv/lib/python3.10/site-packages/django/template/backends/django.py", line 79, in get_template
    return Template(self.engine.get_template(template_name), self)
  File "/home/diyor/sardor/ecomm_new/.venv/lib/python3.10/site-packages/django/template/engine.py", line 177, in get_template
    template, origin = self.find_template(template_name)
  File "/home/diyor/sardor/ecomm_new/.venv/lib/python3.10/site-packages/django/template/engine.py", line 159, in find_template
    template = loader.get_template(name, skip=skip)
  File "/home/diyor/sardor/ecomm_new/.venv/lib/python3.10/site-packages/django/template/loaders/cached.py", line 57, in get_template
    template = super().get_template(template_name, skip)
  File "/home/diyor/sardor/ecomm_new/.venv/lib/python3.10/site-packages/django/template/loaders/base.py", line 28, in get_template
    return Template(
  File "/home/diyor/sardor/ecomm_new/.venv/lib/python3.10/site-packages/django/template/base.py", line 154, in __init__
    self.nodelist = self.compile_nodelist()
  File "/home/diyor/sardor/ecomm_new/.venv/lib/python3.10/site-packages/django/template/base.py", line 196, in compile_nodelist
    nodelist = parser.parse()
  File "/home/diyor/sardor/ecomm_new/.venv/lib/python3.10/site-packages/django/template/base.py", line 518, in parse
    raise self.error(token, e)
  File "/home/diyor/sardor/ecomm_new/.venv/lib/python3.10/site-packages/django/template/base.py", line 516, in parse
    compiled_result = compile_func(self, token)
  File "/home/diyor/sardor/ecomm_new/.venv/lib/python3.10/site-packages/django/template/loader_tags.py", line 234, in do_block
    nodelist = parser.parse(("endblock",))
  File "/home/diyor/sardor/ecomm_new/.venv/lib/python3.10/site-packages/django/template/base.py", line 518, in parse
    raise self.error(token, e)
  File "/home/diyor/sardor/ecomm_new/.venv/lib/python3.10/site-packages/django/template/base.py", line 516, in parse
    compiled_result = compile_func(self, token)
  File "/home/diyor/sardor/ecomm_new/.venv/lib/python3.10/site-packages/django/template/defaulttags.py", line 862, in do_for
    nodelist_loop = parser.parse(
  File "/home/diyor/sardor/ecomm_new/.venv/lib/python3.10/site-packages/django/template/base.py", line 518, in parse
    raise self.error(token, e)
  File "/home/diyor/sardor/ecomm_new/.venv/lib/python3.10/site-packages/django/template/base.py", line 516, in parse
    compiled_result = compile_func(self, token)
  File "/home/diyor/sardor/ecomm_new/.venv/lib/python3.10/site-packages/django/template/defaulttags.py", line 1531, in do_with
    extra_context = token_kwargs(remaining_bits, parser, support_legacy=True)
  File "/home/diyor/sardor/ecomm_new/.venv/lib/python3.10/site-packages/django/template/base.py", line 1119, in token_kwargs
    kwargs[key] = parser.compile_filter(value)
  File "/home/diyor/sardor/ecomm_new/.venv/lib/python3.10/site-packages/django/template/base.py", line 605, in compile_filter
    return FilterExpression(token, self)
  File "/home/diyor/sardor/ecomm_new/.venv/lib/python3.10/site-packages/django/template/base.py", line 706, in __init__
    raise TemplateSyntaxError(
django.template.exceptions.TemplateSyntaxError: Could not parse the remainder: '=True.first' from 'category.images.filter.is_primary=True.first'
Internal Server Error: /
Traceback (most recent call last):
  File "/home/diyor/sardor/ecomm_new/.venv/lib/python3.10/site-packages/django/core/handlers/exception.py", line 55, in inner
    response = get_response(request)
  File "/home/diyor/sardor/ecomm_new/.venv/lib/python3.10/site-packages/django/core/handlers/base.py", line 220, in _get_response
    response = response.render()
  File "/home/diyor/sardor/ecomm_new/.venv/lib/python3.10/site-packages/django/template/response.py", line 114, in render
    self.content = self.rendered_content
  File "/home/diyor/sardor/ecomm_new/.venv/lib/python3.10/site-packages/django/template/response.py", line 90, in rendered_content
    template = self.resolve_template(self.template_name)
  File "/home/diyor/sardor/ecomm_new/.venv/lib/python3.10/site-packages/django/template/response.py", line 72, in resolve_template
    return select_template(template, using=self.using)
  File "/home/diyor/sardor/ecomm_new/.venv/lib/python3.10/site-packages/django/template/loader.py", line 42, in select_template
    return engine.get_template(template_name)
  File "/home/diyor/sardor/ecomm_new/.venv/lib/python3.10/site-packages/django/template/backends/django.py", line 79, in get_template
    return Template(self.engine.get_template(template_name), self)
  File "/home/diyor/sardor/ecomm_new/.venv/lib/python3.10/site-packages/django/template/engine.py", line 177, in get_template
    template, origin = self.find_template(template_name)
  File "/home/diyor/sardor/ecomm_new/.venv/lib/python3.10/site-packages/django/template/engine.py", line 159, in find_template
    template = loader.get_template(name, skip=skip)
  File "/home/diyor/sardor/ecomm_new/.venv/lib/python3.10/site-packages/django/template/loaders/cached.py", line 57, in get_template
    template = super().get_template(template_name, skip)
  File "/home/diyor/sardor/ecomm_new/.venv/lib/python3.10/site-packages/django/template/loaders/base.py", line 28, in get_template
    return Template(
  File "/home/diyor/sardor/ecomm_new/.venv/lib/python3.10/site-packages/django/template/base.py", line 154, in __init__
    self.nodelist = self.compile_nodelist()
  File "/home/diyor/sardor/ecomm_new/.venv/lib/python3.10/site-packages/django/template/base.py", line 196, in compile_nodelist
    nodelist = parser.parse()
  File "/home/diyor/sardor/ecomm_new/.venv/lib/python3.10/site-packages/django/template/base.py", line 518, in parse
    raise self.error(token, e)
  File "/home/diyor/sardor/ecomm_new/.venv/lib/python3.10/site-packages/django/template/base.py", line 516, in parse
    compiled_result = compile_func(self, token)
  File "/home/diyor/sardor/ecomm_new/.venv/lib/python3.10/site-packages/django/template/loader_tags.py", line 234, in do_block
    nodelist = parser.parse(("endblock",))
  File "/home/diyor/sardor/ecomm_new/.venv/lib/python3.10/site-packages/django/template/base.py", line 518, in parse
    raise self.error(token, e)
  File "/home/diyor/sardor/ecomm_new/.venv/lib/python3.10/site-packages/django/template/base.py", line 516, in parse
    compiled_result = compile_func(self, token)
  File "/home/diyor/sardor/ecomm_new/.venv/lib/python3.10/site-packages/django/template/defaulttags.py", line 862, in do_for
    nodelist_loop = parser.parse(
  File "/home/diyor/sardor/ecomm_new/.venv/lib/python3.10/site-packages/django/template/base.py", line 518, in parse
    raise self.error(token, e)
  File "/home/diyor/sardor/ecomm_new/.venv/lib/python3.10/site-packages/django/template/base.py", line 516, in parse
    compiled_result = compile_func(self, token)
  File "/home/diyor/sardor/ecomm_new/.venv/lib/python3.10/site-packages/django/template/defaulttags.py", line 1531, in do_with
    extra_context = token_kwargs(remaining_bits, parser, support_legacy=True)
  File "/home/diyor/sardor/ecomm_new/.venv/lib/python3.10/site-packages/django/template/base.py", line 1119, in token_kwargs
    kwargs[key] = parser.compile_filter(value)
  File "/home/diyor/sardor/ecomm_new/.venv/lib/python3.10/site-packages/django/template/base.py", line 605, in compile_filter
    return FilterExpression(token, self)
  File "/home/diyor/sardor/ecomm_new/.venv/lib/python3.10/site-packages/django/template/base.py", line 706, in __init__
    raise TemplateSyntaxError(
django.template.exceptions.TemplateSyntaxError: Could not parse the remainder: '=True.first' from 'category.images.filter.is_primary=True.first'
Internal Server Error: /
Traceback (most recent call last):
  File "/home/diyor/sardor/ecomm_new/.venv/lib/python3.10/site-packages/django/core/handlers/exception.py", line 55, in inner
    response = get_response(request)
  File "/home/diyor/sardor/ecomm_new/.venv/lib/python3.10/site-packages/django/core/handlers/base.py", line 220, in _get_response
    response = response.render()
  File "/home/diyor/sardor/ecomm_new/.venv/lib/python3.10/site-packages/django/template/response.py", line 114, in render
    self.content = self.rendered_content
  File "/home/diyor/sardor/ecomm_new/.venv/lib/python3.10/site-packages/django/template/response.py", line 90, in rendered_content
    template = self.resolve_template(self.template_name)
  File "/home/diyor/sardor/ecomm_new/.venv/lib/python3.10/site-packages/django/template/response.py", line 72, in resolve_template
    return select_template(template, using=self.using)
  File "/home/diyor/sardor/ecomm_new/.venv/lib/python3.10/site-packages/django/template/loader.py", line 42, in select_template
    return engine.get_template(template_name)
  File "/home/diyor/sardor/ecomm_new/.venv/lib/python3.10/site-packages/django/template/backends/django.py", line 79, in get_template
    return Template(self.engine.get_template(template_name), self)
  File "/home/diyor/sardor/ecomm_new/.venv/lib/python3.10/site-packages/django/template/engine.py", line 177, in get_template
    template, origin = self.find_template(template_name)
  File "/home/diyor/sardor/ecomm_new/.venv/lib/python3.10/site-packages/django/template/engine.py", line 159, in find_template
    template = loader.get_template(name, skip=skip)
  File "/home/diyor/sardor/ecomm_new/.venv/lib/python3.10/site-packages/django/template/loaders/cached.py", line 57, in get_template
    template = super().get_template(template_name, skip)
  File "/home/diyor/sardor/ecomm_new/.venv/lib/python3.10/site-packages/django/template/loaders/base.py", line 28, in get_template
    return Template(
  File "/home/diyor/sardor/ecomm_new/.venv/lib/python3.10/site-packages/django/template/base.py", line 154, in __init__
    self.nodelist = self.compile_nodelist()
  File "/home/diyor/sardor/ecomm_new/.venv/lib/python3.10/site-packages/django/template/base.py", line 196, in compile_nodelist
    nodelist = parser.parse()
  File "/home/diyor/sardor/ecomm_new/.venv/lib/python3.10/site-packages/django/template/base.py", line 518, in parse
    raise self.error(token, e)
  File "/home/diyor/sardor/ecomm_new/.venv/lib/python3.10/site-packages/django/template/base.py", line 516, in parse
    compiled_result = compile_func(self, token)
  File "/home/diyor/sardor/ecomm_new/.venv/lib/python3.10/site-packages/django/template/loader_tags.py", line 234, in do_block
    nodelist = parser.parse(("endblock",))
  File "/home/diyor/sardor/ecomm_new/.venv/lib/python3.10/site-packages/django/template/base.py", line 518, in parse
    raise self.error(token, e)
  File "/home/diyor/sardor/ecomm_new/.venv/lib/python3.10/site-packages/django/template/base.py", line 516, in parse
    compiled_result = compile_func(self, token)
  File "/home/diyor/sardor/ecomm_new/.venv/lib/python3.10/site-packages/django/template/defaulttags.py", line 862, in do_for
    nodelist_loop = parser.parse(
  File "/home/diyor/sardor/ecomm_new/.venv/lib/python3.10/site-packages/django/template/base.py", line 518, in parse
    raise self.error(token, e)
  File "/home/diyor/sardor/ecomm_new/.venv/lib/python3.10/site-packages/django/template/base.py", line 516, in parse
    compiled_result = compile_func(self, token)
  File "/home/diyor/sardor/ecomm_new/.venv/lib/python3.10/site-packages/django/template/defaulttags.py", line 1531, in do_with
    extra_context = token_kwargs(remaining_bits, parser, support_legacy=True)
  File "/home/diyor/sardor/ecomm_new/.venv/lib/python3.10/site-packages/django/template/base.py", line 1119, in token_kwargs
    kwargs[key] = parser.compile_filter(value)
  File "/home/diyor/sardor/ecomm_new/.venv/lib/python3.10/site-packages/django/template/base.py", line 605, in compile_filter
    return FilterExpression(token, self)
  File "/home/diyor/sardor/ecomm_new/.venv/lib/python3.10/site-packages/django/template/base.py", line 706, in __init__
    raise TemplateSyntaxError(
django.template.exceptions.TemplateSyntaxError: Could not parse the remainder: '=True.first' from 'category.images.filter.is_primary=True.first'
Internal Server Error: /
Traceback (most recent call last):
  File "/home/diyor/sardor/ecomm_new/.venv/lib/python3.10/site-packages/django/core/handlers/exception.py", line 55, in inner
    response = get_response(request)
  File "/home/diyor/sardor/ecomm_new/.venv/lib/python3.10/site-packages/django/core/handlers/base.py", line 220, in _get_response
    response = response.render()
  File "/home/diyor/sardor/ecomm_new/.venv/lib/python3.10/site-packages/django/template/response.py", line 114, in render
    self.content = self.rendered_content
  File "/home/diyor/sardor/ecomm_new/.venv/lib/python3.10/site-packages/django/template/response.py", line 90, in rendered_content
    template = self.resolve_template(self.template_name)
  File "/home/diyor/sardor/ecomm_new/.venv/lib/python3.10/site-packages/django/template/response.py", line 72, in resolve_template
    return select_template(template, using=self.using)
  File "/home/diyor/sardor/ecomm_new/.venv/lib/python3.10/site-packages/django/template/loader.py", line 42, in select_template
    return engine.get_template(template_name)
  File "/home/diyor/sardor/ecomm_new/.venv/lib/python3.10/site-packages/django/template/backends/django.py", line 79, in get_template
    return Template(self.engine.get_template(template_name), self)
  File "/home/diyor/sardor/ecomm_new/.venv/lib/python3.10/site-packages/django/template/engine.py", line 177, in get_template
    template, origin = self.find_template(template_name)
  File "/home/diyor/sardor/ecomm_new/.venv/lib/python3.10/site-packages/django/template/engine.py", line 159, in find_template
    template = loader.get_template(name, skip=skip)
  File "/home/diyor/sardor/ecomm_new/.venv/lib/python3.10/site-packages/django/template/loaders/cached.py", line 57, in get_template
    template = super().get_template(template_name, skip)
  File "/home/diyor/sardor/ecomm_new/.venv/lib/python3.10/site-packages/django/template/loaders/base.py", line 28, in get_template
    return Template(
  File "/home/diyor/sardor/ecomm_new/.venv/lib/python3.10/site-packages/django/template/base.py", line 154, in __init__
    self.nodelist = self.compile_nodelist()
  File "/home/diyor/sardor/ecomm_new/.venv/lib/python3.10/site-packages/django/template/base.py", line 196, in compile_nodelist
    nodelist = parser.parse()
  File "/home/diyor/sardor/ecomm_new/.venv/lib/python3.10/site-packages/django/template/base.py", line 518, in parse
    raise self.error(token, e)
  File "/home/diyor/sardor/ecomm_new/.venv/lib/python3.10/site-packages/django/template/base.py", line 516, in parse
    compiled_result = compile_func(self, token)
  File "/home/diyor/sardor/ecomm_new/.venv/lib/python3.10/site-packages/django/template/loader_tags.py", line 234, in do_block
    nodelist = parser.parse(("endblock",))
  File "/home/diyor/sardor/ecomm_new/.venv/lib/python3.10/site-packages/django/template/base.py", line 518, in parse
    raise self.error(token, e)
  File "/home/diyor/sardor/ecomm_new/.venv/lib/python3.10/site-packages/django/template/base.py", line 516, in parse
    compiled_result = compile_func(self, token)
  File "/home/diyor/sardor/ecomm_new/.venv/lib/python3.10/site-packages/django/template/defaulttags.py", line 862, in do_for
    nodelist_loop = parser.parse(
  File "/home/diyor/sardor/ecomm_new/.venv/lib/python3.10/site-packages/django/template/base.py", line 518, in parse
    raise self.error(token, e)
  File "/home/diyor/sardor/ecomm_new/.venv/lib/python3.10/site-packages/django/template/base.py", line 516, in parse
    compiled_result = compile_func(self, token)
  File "/home/diyor/sardor/ecomm_new/.venv/lib/python3.10/site-packages/django/template/defaulttags.py", line 1531, in do_with
    extra_context = token_kwargs(remaining_bits, parser, support_legacy=True)
  File "/home/diyor/sardor/ecomm_new/.venv/lib/python3.10/site-packages/django/template/base.py", line 1119, in token_kwargs
    kwargs[key] = parser.compile_filter(value)
  File "/home/diyor/sardor/ecomm_new/.venv/lib/python3.10/site-packages/django/template/base.py", line 605, in compile_filter
    return FilterExpression(token, self)
  File "/home/diyor/sardor/ecomm_new/.venv/lib/python3.10/site-packages/django/template/base.py", line 706, in __init__
    raise TemplateSyntaxError(
django.template.exceptions.TemplateSyntaxError: Could not parse the remainder: '(is_primary=True).first' from 'category.images.filter(is_primary=True).first'
Internal Server Error: /
Traceback (most recent call last):
  File "/home/diyor/sardor/ecomm_new/.venv/lib/python3.10/site-packages/django/core/handlers/exception.py", line 55, in inner
    response = get_response(request)
  File "/home/diyor/sardor/ecomm_new/.venv/lib/python3.10/site-packages/django/core/handlers/base.py", line 220, in _get_response
    response = response.render()
  File "/home/diyor/sardor/ecomm_new/.venv/lib/python3.10/site-packages/django/template/response.py", line 114, in render
    self.content = self.rendered_content
  File "/home/diyor/sardor/ecomm_new/.venv/lib/python3.10/site-packages/django/template/response.py", line 90, in rendered_content
    template = self.resolve_template(self.template_name)
  File "/home/diyor/sardor/ecomm_new/.venv/lib/python3.10/site-packages/django/template/response.py", line 72, in resolve_template
    return select_template(template, using=self.using)
  File "/home/diyor/sardor/ecomm_new/.venv/lib/python3.10/site-packages/django/template/loader.py", line 42, in select_template
    return engine.get_template(template_name)
  File "/home/diyor/sardor/ecomm_new/.venv/lib/python3.10/site-packages/django/template/backends/django.py", line 79, in get_template
    return Template(self.engine.get_template(template_name), self)
  File "/home/diyor/sardor/ecomm_new/.venv/lib/python3.10/site-packages/django/template/engine.py", line 177, in get_template
    template, origin = self.find_template(template_name)
  File "/home/diyor/sardor/ecomm_new/.venv/lib/python3.10/site-packages/django/template/engine.py", line 159, in find_template
    template = loader.get_template(name, skip=skip)
  File "/home/diyor/sardor/ecomm_new/.venv/lib/python3.10/site-packages/django/template/loaders/cached.py", line 57, in get_template
    template = super().get_template(template_name, skip)
  File "/home/diyor/sardor/ecomm_new/.venv/lib/python3.10/site-packages/django/template/loaders/base.py", line 28, in get_template
    return Template(
  File "/home/diyor/sardor/ecomm_new/.venv/lib/python3.10/site-packages/django/template/base.py", line 154, in __init__
    self.nodelist = self.compile_nodelist()
  File "/home/diyor/sardor/ecomm_new/.venv/lib/python3.10/site-packages/django/template/base.py", line 196, in compile_nodelist
    nodelist = parser.parse()
  File "/home/diyor/sardor/ecomm_new/.venv/lib/python3.10/site-packages/django/template/base.py", line 518, in parse
    raise self.error(token, e)
  File "/home/diyor/sardor/ecomm_new/.venv/lib/python3.10/site-packages/django/template/base.py", line 516, in parse
    compiled_result = compile_func(self, token)
  File "/home/diyor/sardor/ecomm_new/.venv/lib/python3.10/site-packages/django/template/loader_tags.py", line 234, in do_block
    nodelist = parser.parse(("endblock",))
  File "/home/diyor/sardor/ecomm_new/.venv/lib/python3.10/site-packages/django/template/base.py", line 518, in parse
    raise self.error(token, e)
  File "/home/diyor/sardor/ecomm_new/.venv/lib/python3.10/site-packages/django/template/base.py", line 516, in parse
    compiled_result = compile_func(self, token)
  File "/home/diyor/sardor/ecomm_new/.venv/lib/python3.10/site-packages/django/template/defaulttags.py", line 862, in do_for
    nodelist_loop = parser.parse(
  File "/home/diyor/sardor/ecomm_new/.venv/lib/python3.10/site-packages/django/template/base.py", line 518, in parse
    raise self.error(token, e)
  File "/home/diyor/sardor/ecomm_new/.venv/lib/python3.10/site-packages/django/template/base.py", line 516, in parse
    compiled_result = compile_func(self, token)
  File "/home/diyor/sardor/ecomm_new/.venv/lib/python3.10/site-packages/django/template/defaulttags.py", line 1531, in do_with
    extra_context = token_kwargs(remaining_bits, parser, support_legacy=True)
  File "/home/diyor/sardor/ecomm_new/.venv/lib/python3.10/site-packages/django/template/base.py", line 1119, in token_kwargs
    kwargs[key] = parser.compile_filter(value)
  File "/home/diyor/sardor/ecomm_new/.venv/lib/python3.10/site-packages/django/template/base.py", line 605, in compile_filter
    return FilterExpression(token, self)
  File "/home/diyor/sardor/ecomm_new/.venv/lib/python3.10/site-packages/django/template/base.py", line 706, in __init__
    raise TemplateSyntaxError(
django.template.exceptions.TemplateSyntaxError: Could not parse the remainder: '(is_primary=True).first' from 'category.images.filter(is_primary=True).first'
Internal Server Error: /
Traceback (most recent call last):
  File "/home/diyor/sardor/ecomm_new/.venv/lib/python3.10/site-packages/django/core/handlers/exception.py", line 55, in inner
    response = get_response(request)
  File "/home/diyor/sardor/ecomm_new/.venv/lib/python3.10/site-packages/django/core/handlers/base.py", line 220, in _get_response
    response = response.render()
  File "/home/diyor/sardor/ecomm_new/.venv/lib/python3.10/site-packages/django/template/response.py", line 114, in render
    self.content = self.rendered_content
  File "/home/diyor/sardor/ecomm_new/.venv/lib/python3.10/site-packages/django/template/response.py", line 90, in rendered_content
    template = self.resolve_template(self.template_name)
  File "/home/diyor/sardor/ecomm_new/.venv/lib/python3.10/site-packages/django/template/response.py", line 72, in resolve_template
    return select_template(template, using=self.using)
  File "/home/diyor/sardor/ecomm_new/.venv/lib/python3.10/site-packages/django/template/loader.py", line 42, in select_template
    return engine.get_template(template_name)
  File "/home/diyor/sardor/ecomm_new/.venv/lib/python3.10/site-packages/django/template/backends/django.py", line 79, in get_template
    return Template(self.engine.get_template(template_name), self)
  File "/home/diyor/sardor/ecomm_new/.venv/lib/python3.10/site-packages/django/template/engine.py", line 177, in get_template
    template, origin = self.find_template(template_name)
  File "/home/diyor/sardor/ecomm_new/.venv/lib/python3.10/site-packages/django/template/engine.py", line 159, in find_template
    template = loader.get_template(name, skip=skip)
  File "/home/diyor/sardor/ecomm_new/.venv/lib/python3.10/site-packages/django/template/loaders/cached.py", line 57, in get_template
    template = super().get_template(template_name, skip)
  File "/home/diyor/sardor/ecomm_new/.venv/lib/python3.10/site-packages/django/template/loaders/base.py", line 28, in get_template
    return Template(
  File "/home/diyor/sardor/ecomm_new/.venv/lib/python3.10/site-packages/django/template/base.py", line 154, in __init__
    self.nodelist = self.compile_nodelist()
  File "/home/diyor/sardor/ecomm_new/.venv/lib/python3.10/site-packages/django/template/base.py", line 196, in compile_nodelist
    nodelist = parser.parse()
  File "/home/diyor/sardor/ecomm_new/.venv/lib/python3.10/site-packages/django/template/base.py", line 518, in parse
    raise self.error(token, e)
  File "/home/diyor/sardor/ecomm_new/.venv/lib/python3.10/site-packages/django/template/base.py", line 516, in parse
    compiled_result = compile_func(self, token)
  File "/home/diyor/sardor/ecomm_new/.venv/lib/python3.10/site-packages/django/template/loader_tags.py", line 234, in do_block
    nodelist = parser.parse(("endblock",))
  File "/home/diyor/sardor/ecomm_new/.venv/lib/python3.10/site-packages/django/template/base.py", line 518, in parse
    raise self.error(token, e)
  File "/home/diyor/sardor/ecomm_new/.venv/lib/python3.10/site-packages/django/template/base.py", line 516, in parse
    compiled_result = compile_func(self, token)
  File "/home/diyor/sardor/ecomm_new/.venv/lib/python3.10/site-packages/django/template/defaulttags.py", line 862, in do_for
    nodelist_loop = parser.parse(
  File "/home/diyor/sardor/ecomm_new/.venv/lib/python3.10/site-packages/django/template/base.py", line 518, in parse
    raise self.error(token, e)
  File "/home/diyor/sardor/ecomm_new/.venv/lib/python3.10/site-packages/django/template/base.py", line 516, in parse
    compiled_result = compile_func(self, token)
  File "/home/diyor/sardor/ecomm_new/.venv/lib/python3.10/site-packages/django/template/defaulttags.py", line 1531, in do_with
    extra_context = token_kwargs(remaining_bits, parser, support_legacy=True)
  File "/home/diyor/sardor/ecomm_new/.venv/lib/python3.10/site-packages/django/template/base.py", line 1119, in token_kwargs
    kwargs[key] = parser.compile_filter(value)
  File "/home/diyor/sardor/ecomm_new/.venv/lib/python3.10/site-packages/django/template/base.py", line 605, in compile_filter
    return FilterExpression(token, self)
  File "/home/diyor/sardor/ecomm_new/.venv/lib/python3.10/site-packages/django/template/base.py", line 706, in __init__
    raise TemplateSyntaxError(
django.template.exceptions.TemplateSyntaxError: Could not parse the remainder: '(is_primary=True).first' from 'category.images.filter(is_primary=True).first'
Internal Server Error: /
Traceback (most recent call last):
  File "/home/diyor/sardor/ecomm_new/.venv/lib/python3.10/site-packages/django/core/handlers/exception.py", line 55, in inner
    response = get_response(request)
  File "/home/diyor/sardor/ecomm_new/.venv/lib/python3.10/site-packages/django/core/handlers/base.py", line 220, in _get_response
    response = response.render()
  File "/home/diyor/sardor/ecomm_new/.venv/lib/python3.10/site-packages/django/template/response.py", line 114, in render
    self.content = self.rendered_content
  File "/home/diyor/sardor/ecomm_new/.venv/lib/python3.10/site-packages/django/template/response.py", line 90, in rendered_content
    template = self.resolve_template(self.template_name)
  File "/home/diyor/sardor/ecomm_new/.venv/lib/python3.10/site-packages/django/template/response.py", line 72, in resolve_template
    return select_template(template, using=self.using)
  File "/home/diyor/sardor/ecomm_new/.venv/lib/python3.10/site-packages/django/template/loader.py", line 42, in select_template
    return engine.get_template(template_name)
  File "/home/diyor/sardor/ecomm_new/.venv/lib/python3.10/site-packages/django/template/backends/django.py", line 79, in get_template
    return Template(self.engine.get_template(template_name), self)
  File "/home/diyor/sardor/ecomm_new/.venv/lib/python3.10/site-packages/django/template/engine.py", line 177, in get_template
    template, origin = self.find_template(template_name)
  File "/home/diyor/sardor/ecomm_new/.venv/lib/python3.10/site-packages/django/template/engine.py", line 159, in find_template
    template = loader.get_template(name, skip=skip)
  File "/home/diyor/sardor/ecomm_new/.venv/lib/python3.10/site-packages/django/template/loaders/cached.py", line 57, in get_template
    template = super().get_template(template_name, skip)
  File "/home/diyor/sardor/ecomm_new/.venv/lib/python3.10/site-packages/django/template/loaders/base.py", line 28, in get_template
    return Template(
  File "/home/diyor/sardor/ecomm_new/.venv/lib/python3.10/site-packages/django/template/base.py", line 154, in __init__
    self.nodelist = self.compile_nodelist()
  File "/home/diyor/sardor/ecomm_new/.venv/lib/python3.10/site-packages/django/template/base.py", line 196, in compile_nodelist
    nodelist = parser.parse()
  File "/home/diyor/sardor/ecomm_new/.venv/lib/python3.10/site-packages/django/template/base.py", line 518, in parse
    raise self.error(token, e)
  File "/home/diyor/sardor/ecomm_new/.venv/lib/python3.10/site-packages/django/template/base.py", line 516, in parse
    compiled_result = compile_func(self, token)
  File "/home/diyor/sardor/ecomm_new/.venv/lib/python3.10/site-packages/django/template/loader_tags.py", line 234, in do_block
    nodelist = parser.parse(("endblock",))
  File "/home/diyor/sardor/ecomm_new/.venv/lib/python3.10/site-packages/django/template/base.py", line 518, in parse
    raise self.error(token, e)
  File "/home/diyor/sardor/ecomm_new/.venv/lib/python3.10/site-packages/django/template/base.py", line 516, in parse
    compiled_result = compile_func(self, token)
  File "/home/diyor/sardor/ecomm_new/.venv/lib/python3.10/site-packages/django/template/defaulttags.py", line 862, in do_for
    nodelist_loop = parser.parse(
  File "/home/diyor/sardor/ecomm_new/.venv/lib/python3.10/site-packages/django/template/base.py", line 518, in parse
    raise self.error(token, e)
  File "/home/diyor/sardor/ecomm_new/.venv/lib/python3.10/site-packages/django/template/base.py", line 516, in parse
    compiled_result = compile_func(self, token)
  File "/home/diyor/sardor/ecomm_new/.venv/lib/python3.10/site-packages/django/template/defaulttags.py", line 1531, in do_with
    extra_context = token_kwargs(remaining_bits, parser, support_legacy=True)
  File "/home/diyor/sardor/ecomm_new/.venv/lib/python3.10/site-packages/django/template/base.py", line 1119, in token_kwargs
    kwargs[key] = parser.compile_filter(value)
  File "/home/diyor/sardor/ecomm_new/.venv/lib/python3.10/site-packages/django/template/base.py", line 605, in compile_filter
    return FilterExpression(token, self)
  File "/home/diyor/sardor/ecomm_new/.venv/lib/python3.10/site-packages/django/template/base.py", line 706, in __init__
    raise TemplateSyntaxError(
django.template.exceptions.TemplateSyntaxError: Could not parse the remainder: '(is_primary=True).first' from 'category.images.filter(is_primary=True).first'
Internal Server Error: /
Traceback (most recent call last):
  File "/home/diyor/sardor/ecomm_new/.venv/lib/python3.10/site-packages/django/core/handlers/exception.py", line 55, in inner
    response = get_response(request)
  File "/home/diyor/sardor/ecomm_new/.venv/lib/python3.10/site-packages/django/core/handlers/base.py", line 220, in _get_response
    response = response.render()
  File "/home/diyor/sardor/ecomm_new/.venv/lib/python3.10/site-packages/django/template/response.py", line 114, in render
    self.content = self.rendered_content
  File "/home/diyor/sardor/ecomm_new/.venv/lib/python3.10/site-packages/django/template/response.py", line 90, in rendered_content
    template = self.resolve_template(self.template_name)
  File "/home/diyor/sardor/ecomm_new/.venv/lib/python3.10/site-packages/django/template/response.py", line 72, in resolve_template
    return select_template(template, using=self.using)
  File "/home/diyor/sardor/ecomm_new/.venv/lib/python3.10/site-packages/django/template/loader.py", line 42, in select_template
    return engine.get_template(template_name)
  File "/home/diyor/sardor/ecomm_new/.venv/lib/python3.10/site-packages/django/template/backends/django.py", line 79, in get_template
    return Template(self.engine.get_template(template_name), self)
  File "/home/diyor/sardor/ecomm_new/.venv/lib/python3.10/site-packages/django/template/engine.py", line 177, in get_template
    template, origin = self.find_template(template_name)
  File "/home/diyor/sardor/ecomm_new/.venv/lib/python3.10/site-packages/django/template/engine.py", line 159, in find_template
    template = loader.get_template(name, skip=skip)
  File "/home/diyor/sardor/ecomm_new/.venv/lib/python3.10/site-packages/django/template/loaders/cached.py", line 57, in get_template
    template = super().get_template(template_name, skip)
  File "/home/diyor/sardor/ecomm_new/.venv/lib/python3.10/site-packages/django/template/loaders/base.py", line 28, in get_template
    return Template(
  File "/home/diyor/sardor/ecomm_new/.venv/lib/python3.10/site-packages/django/template/base.py", line 154, in __init__
    self.nodelist = self.compile_nodelist()
  File "/home/diyor/sardor/ecomm_new/.venv/lib/python3.10/site-packages/django/template/base.py", line 196, in compile_nodelist
    nodelist = parser.parse()
  File "/home/diyor/sardor/ecomm_new/.venv/lib/python3.10/site-packages/django/template/base.py", line 518, in parse
    raise self.error(token, e)
  File "/home/diyor/sardor/ecomm_new/.venv/lib/python3.10/site-packages/django/template/base.py", line 516, in parse
    compiled_result = compile_func(self, token)
  File "/home/diyor/sardor/ecomm_new/.venv/lib/python3.10/site-packages/django/template/loader_tags.py", line 234, in do_block
    nodelist = parser.parse(("endblock",))
  File "/home/diyor/sardor/ecomm_new/.venv/lib/python3.10/site-packages/django/template/base.py", line 518, in parse
    raise self.error(token, e)
  File "/home/diyor/sardor/ecomm_new/.venv/lib/python3.10/site-packages/django/template/base.py", line 516, in parse
    compiled_result = compile_func(self, token)
  File "/home/diyor/sardor/ecomm_new/.venv/lib/python3.10/site-packages/django/template/defaulttags.py", line 862, in do_for
    nodelist_loop = parser.parse(
  File "/home/diyor/sardor/ecomm_new/.venv/lib/python3.10/site-packages/django/template/base.py", line 518, in parse
    raise self.error(token, e)
  File "/home/diyor/sardor/ecomm_new/.venv/lib/python3.10/site-packages/django/template/base.py", line 516, in parse
    compiled_result = compile_func(self, token)
  File "/home/diyor/sardor/ecomm_new/.venv/lib/python3.10/site-packages/django/template/defaulttags.py", line 1531, in do_with
    extra_context = token_kwargs(remaining_bits, parser, support_legacy=True)
  File "/home/diyor/sardor/ecomm_new/.venv/lib/python3.10/site-packages/django/template/base.py", line 1119, in token_kwargs
    kwargs[key] = parser.compile_filter(value)
  File "/home/diyor/sardor/ecomm_new/.venv/lib/python3.10/site-packages/django/template/base.py", line 605, in compile_filter
    return FilterExpression(token, self)
  File "/home/diyor/sardor/ecomm_new/.venv/lib/python3.10/site-packages/django/template/base.py", line 706, in __init__
    raise TemplateSyntaxError(
django.template.exceptions.TemplateSyntaxError: Could not parse the remainder: '(is_primary=True).first' from 'category.images.filter(is_primary=True).first'
Internal Server Error: /
Traceback (most recent call last):
  File "/home/diyor/sardor/ecomm_new/.venv/lib/python3.10/site-packages/django/core/handlers/exception.py", line 55, in inner
    response = get_response(request)
  File "/home/diyor/sardor/ecomm_new/.venv/lib/python3.10/site-packages/django/core/handlers/base.py", line 220, in _get_response
    response = response.render()
  File "/home/diyor/sardor/ecomm_new/.venv/lib/python3.10/site-packages/django/template/response.py", line 114, in render
    self.content = self.rendered_content
  File "/home/diyor/sardor/ecomm_new/.venv/lib/python3.10/site-packages/django/template/response.py", line 90, in rendered_content
    template = self.resolve_template(self.template_name)
  File "/home/diyor/sardor/ecomm_new/.venv/lib/python3.10/site-packages/django/template/response.py", line 72, in resolve_template
    return select_template(template, using=self.using)
  File "/home/diyor/sardor/ecomm_new/.venv/lib/python3.10/site-packages/django/template/loader.py", line 42, in select_template
    return engine.get_template(template_name)
  File "/home/diyor/sardor/ecomm_new/.venv/lib/python3.10/site-packages/django/template/backends/django.py", line 79, in get_template
    return Template(self.engine.get_template(template_name), self)
  File "/home/diyor/sardor/ecomm_new/.venv/lib/python3.10/site-packages/django/template/engine.py", line 177, in get_template
    template, origin = self.find_template(template_name)
  File "/home/diyor/sardor/ecomm_new/.venv/lib/python3.10/site-packages/django/template/engine.py", line 159, in find_template
    template = loader.get_template(name, skip=skip)
  File "/home/diyor/sardor/ecomm_new/.venv/lib/python3.10/site-packages/django/template/loaders/cached.py", line 57, in get_template
    template = super().get_template(template_name, skip)
  File "/home/diyor/sardor/ecomm_new/.venv/lib/python3.10/site-packages/django/template/loaders/base.py", line 28, in get_template
    return Template(
  File "/home/diyor/sardor/ecomm_new/.venv/lib/python3.10/site-packages/django/template/base.py", line 154, in __init__
    self.nodelist = self.compile_nodelist()
  File "/home/diyor/sardor/ecomm_new/.venv/lib/python3.10/site-packages/django/template/base.py", line 196, in compile_nodelist
    nodelist = parser.parse()
  File "/home/diyor/sardor/ecomm_new/.venv/lib/python3.10/site-packages/django/template/base.py", line 518, in parse
    raise self.error(token, e)
  File "/home/diyor/sardor/ecomm_new/.venv/lib/python3.10/site-packages/django/template/base.py", line 516, in parse
    compiled_result = compile_func(self, token)
  File "/home/diyor/sardor/ecomm_new/.venv/lib/python3.10/site-packages/django/template/loader_tags.py", line 234, in do_block
    nodelist = parser.parse(("endblock",))
  File "/home/diyor/sardor/ecomm_new/.venv/lib/python3.10/site-packages/django/template/base.py", line 518, in parse
    raise self.error(token, e)
  File "/home/diyor/sardor/ecomm_new/.venv/lib/python3.10/site-packages/django/template/base.py", line 516, in parse
    compiled_result = compile_func(self, token)
  File "/home/diyor/sardor/ecomm_new/.venv/lib/python3.10/site-packages/django/template/defaulttags.py", line 862, in do_for
    nodelist_loop = parser.parse(
  File "/home/diyor/sardor/ecomm_new/.venv/lib/python3.10/site-packages/django/template/base.py", line 518, in parse
    raise self.error(token, e)
  File "/home/diyor/sardor/ecomm_new/.venv/lib/python3.10/site-packages/django/template/base.py", line 516, in parse
    compiled_result = compile_func(self, token)
  File "/home/diyor/sardor/ecomm_new/.venv/lib/python3.10/site-packages/django/template/defaulttags.py", line 1531, in do_with
    extra_context = token_kwargs(remaining_bits, parser, support_legacy=True)
  File "/home/diyor/sardor/ecomm_new/.venv/lib/python3.10/site-packages/django/template/base.py", line 1119, in token_kwargs
    kwargs[key] = parser.compile_filter(value)
  File "/home/diyor/sardor/ecomm_new/.venv/lib/python3.10/site-packages/django/template/base.py", line 605, in compile_filter
    return FilterExpression(token, self)
  File "/home/diyor/sardor/ecomm_new/.venv/lib/python3.10/site-packages/django/template/base.py", line 706, in __init__
    raise TemplateSyntaxError(
django.template.exceptions.TemplateSyntaxError: Could not parse the remainder: '(is_primary=True).first' from 'category.images.filter(is_primary=True).first'
Internal Server Error: /
Traceback (most recent call last):
  File "/home/diyor/sardor/ecomm_new/.venv/lib/python3.10/site-packages/django/core/handlers/exception.py", line 55, in inner
    response = get_response(request)
  File "/home/diyor/sardor/ecomm_new/.venv/lib/python3.10/site-packages/django/core/handlers/base.py", line 220, in _get_response
    response = response.render()
  File "/home/diyor/sardor/ecomm_new/.venv/lib/python3.10/site-packages/django/template/response.py", line 114, in render
    self.content = self.rendered_content
  File "/home/diyor/sardor/ecomm_new/.venv/lib/python3.10/site-packages/django/template/response.py", line 90, in rendered_content
    template = self.resolve_template(self.template_name)
  File "/home/diyor/sardor/ecomm_new/.venv/lib/python3.10/site-packages/django/template/response.py", line 72, in resolve_template
    return select_template(template, using=self.using)
  File "/home/diyor/sardor/ecomm_new/.venv/lib/python3.10/site-packages/django/template/loader.py", line 42, in select_template
    return engine.get_template(template_name)
  File "/home/diyor/sardor/ecomm_new/.venv/lib/python3.10/site-packages/django/template/backends/django.py", line 79, in get_template
    return Template(self.engine.get_template(template_name), self)
  File "/home/diyor/sardor/ecomm_new/.venv/lib/python3.10/site-packages/django/template/engine.py", line 177, in get_template
    template, origin = self.find_template(template_name)
  File "/home/diyor/sardor/ecomm_new/.venv/lib/python3.10/site-packages/django/template/engine.py", line 159, in find_template
    template = loader.get_template(name, skip=skip)
  File "/home/diyor/sardor/ecomm_new/.venv/lib/python3.10/site-packages/django/template/loaders/cached.py", line 57, in get_template
    template = super().get_template(template_name, skip)
  File "/home/diyor/sardor/ecomm_new/.venv/lib/python3.10/site-packages/django/template/loaders/base.py", line 28, in get_template
    return Template(
  File "/home/diyor/sardor/ecomm_new/.venv/lib/python3.10/site-packages/django/template/base.py", line 154, in __init__
    self.nodelist = self.compile_nodelist()
  File "/home/diyor/sardor/ecomm_new/.venv/lib/python3.10/site-packages/django/template/base.py", line 196, in compile_nodelist
    nodelist = parser.parse()
  File "/home/diyor/sardor/ecomm_new/.venv/lib/python3.10/site-packages/django/template/base.py", line 518, in parse
    raise self.error(token, e)
  File "/home/diyor/sardor/ecomm_new/.venv/lib/python3.10/site-packages/django/template/base.py", line 516, in parse
    compiled_result = compile_func(self, token)
  File "/home/diyor/sardor/ecomm_new/.venv/lib/python3.10/site-packages/django/template/loader_tags.py", line 234, in do_block
    nodelist = parser.parse(("endblock",))
  File "/home/diyor/sardor/ecomm_new/.venv/lib/python3.10/site-packages/django/template/base.py", line 518, in parse
    raise self.error(token, e)
  File "/home/diyor/sardor/ecomm_new/.venv/lib/python3.10/site-packages/django/template/base.py", line 516, in parse
    compiled_result = compile_func(self, token)
  File "/home/diyor/sardor/ecomm_new/.venv/lib/python3.10/site-packages/django/template/defaulttags.py", line 862, in do_for
    nodelist_loop = parser.parse(
  File "/home/diyor/sardor/ecomm_new/.venv/lib/python3.10/site-packages/django/template/base.py", line 518, in parse
    raise self.error(token, e)
  File "/home/diyor/sardor/ecomm_new/.venv/lib/python3.10/site-packages/django/template/base.py", line 516, in parse
    compiled_result = compile_func(self, token)
  File "/home/diyor/sardor/ecomm_new/.venv/lib/python3.10/site-packages/django/template/defaulttags.py", line 1531, in do_with
    extra_context = token_kwargs(remaining_bits, parser, support_legacy=True)
  File "/home/diyor/sardor/ecomm_new/.venv/lib/python3.10/site-packages/django/template/base.py", line 1119, in token_kwargs
    kwargs[key] = parser.compile_filter(value)
  File "/home/diyor/sardor/ecomm_new/.venv/lib/python3.10/site-packages/django/template/base.py", line 605, in compile_filter
    return FilterExpression(token, self)
  File "/home/diyor/sardor/ecomm_new/.venv/lib/python3.10/site-packages/django/template/base.py", line 706, in __init__
    raise TemplateSyntaxError(
django.template.exceptions.TemplateSyntaxError: Could not parse the remainder: '(is_primary=True).first' from 'category.images.filter(is_primary=True).first'
Internal Server Error: /
Traceback (most recent call last):
  File "/home/diyor/sardor/ecomm_new/.venv/lib/python3.10/site-packages/django/core/handlers/exception.py", line 55, in inner
    response = get_response(request)
  File "/home/diyor/sardor/ecomm_new/.venv/lib/python3.10/site-packages/django/core/handlers/base.py", line 220, in _get_response
    response = response.render()
  File "/home/diyor/sardor/ecomm_new/.venv/lib/python3.10/site-packages/django/template/response.py", line 114, in render
    self.content = self.rendered_content
  File "/home/diyor/sardor/ecomm_new/.venv/lib/python3.10/site-packages/django/template/response.py", line 90, in rendered_content
    template = self.resolve_template(self.template_name)
  File "/home/diyor/sardor/ecomm_new/.venv/lib/python3.10/site-packages/django/template/response.py", line 72, in resolve_template
    return select_template(template, using=self.using)
  File "/home/diyor/sardor/ecomm_new/.venv/lib/python3.10/site-packages/django/template/loader.py", line 42, in select_template
    return engine.get_template(template_name)
  File "/home/diyor/sardor/ecomm_new/.venv/lib/python3.10/site-packages/django/template/backends/django.py", line 79, in get_template
    return Template(self.engine.get_template(template_name), self)
  File "/home/diyor/sardor/ecomm_new/.venv/lib/python3.10/site-packages/django/template/engine.py", line 177, in get_template
    template, origin = self.find_template(template_name)
  File "/home/diyor/sardor/ecomm_new/.venv/lib/python3.10/site-packages/django/template/engine.py", line 159, in find_template
    template = loader.get_template(name, skip=skip)
  File "/home/diyor/sardor/ecomm_new/.venv/lib/python3.10/site-packages/django/template/loaders/cached.py", line 57, in get_template
    template = super().get_template(template_name, skip)
  File "/home/diyor/sardor/ecomm_new/.venv/lib/python3.10/site-packages/django/template/loaders/base.py", line 28, in get_template
    return Template(
  File "/home/diyor/sardor/ecomm_new/.venv/lib/python3.10/site-packages/django/template/base.py", line 154, in __init__
    self.nodelist = self.compile_nodelist()
  File "/home/diyor/sardor/ecomm_new/.venv/lib/python3.10/site-packages/django/template/base.py", line 196, in compile_nodelist
    nodelist = parser.parse()
  File "/home/diyor/sardor/ecomm_new/.venv/lib/python3.10/site-packages/django/template/base.py", line 518, in parse
    raise self.error(token, e)
  File "/home/diyor/sardor/ecomm_new/.venv/lib/python3.10/site-packages/django/template/base.py", line 516, in parse
    compiled_result = compile_func(self, token)
  File "/home/diyor/sardor/ecomm_new/.venv/lib/python3.10/site-packages/django/template/loader_tags.py", line 234, in do_block
    nodelist = parser.parse(("endblock",))
  File "/home/diyor/sardor/ecomm_new/.venv/lib/python3.10/site-packages/django/template/base.py", line 518, in parse
    raise self.error(token, e)
  File "/home/diyor/sardor/ecomm_new/.venv/lib/python3.10/site-packages/django/template/base.py", line 516, in parse
    compiled_result = compile_func(self, token)
  File "/home/diyor/sardor/ecomm_new/.venv/lib/python3.10/site-packages/django/template/defaulttags.py", line 862, in do_for
    nodelist_loop = parser.parse(
  File "/home/diyor/sardor/ecomm_new/.venv/lib/python3.10/site-packages/django/template/base.py", line 518, in parse
    raise self.error(token, e)
  File "/home/diyor/sardor/ecomm_new/.venv/lib/python3.10/site-packages/django/template/base.py", line 516, in parse
    compiled_result = compile_func(self, token)
  File "/home/diyor/sardor/ecomm_new/.venv/lib/python3.10/site-packages/django/template/defaulttags.py", line 1531, in do_with
    extra_context = token_kwargs(remaining_bits, parser, support_legacy=True)
  File "/home/diyor/sardor/ecomm_new/.venv/lib/python3.10/site-packages/django/template/base.py", line 1119, in token_kwargs
    kwargs[key] = parser.compile_filter(value)
  File "/home/diyor/sardor/ecomm_new/.venv/lib/python3.10/site-packages/django/template/base.py", line 605, in compile_filter
    return FilterExpression(token, self)
  File "/home/diyor/sardor/ecomm_new/.venv/lib/python3.10/site-packages/django/template/base.py", line 706, in __init__
    raise TemplateSyntaxError(
django.template.exceptions.TemplateSyntaxError: Could not parse the remainder: '(is_primary=True).first' from 'category.images.filter(is_primary=True).first'
/home/diyor/sardor/ecomm_new/app/views.py changed, reloading.
Watching for file changes with StatReloader
Not Found: /api/placeholder/300/300
Not Found: /api/placeholder/600/300
Not Found: /api/placeholder/600/400
Not Found: /api/placeholder/300/300
Not Found: /api/placeholder/600/300
Not Found: /api/placeholder/600/400
Not Found: /api/placeholder/300/300
Not Found: /api/placeholder/600/400
Not Found: /api/placeholder/600/300
Not Found: /api/placeholder/600/400
Not Found: /api/placeholder/300/300
Not Found: /api/placeholder/600/300
Not Found: /api/placeholder/300/300
Not Found: /api/placeholder/600/300
Not Found: /api/placeholder/600/400
Not Found: /api/placeholder/300/300
Not Found: /api/placeholder/600/400
Not Found: /api/placeholder/600/300
Not Found: /api/placeholder/600/400
Not Found: /api/placeholder/300/300
Not Found: /api/placeholder/600/300
Not Found: /api/placeholder/300/300
Not Found: /api/placeholder/600/400
Not Found: /api/placeholder/600/300
Not Found: /api/placeholder/300/300
Not Found: /api/placeholder/600/300
Not Found: /api/placeholder/600/400
Not Found: /api/placeholder/300/300
Not Found: /api/placeholder/600/300
Not Found: /api/placeholder/600/400
Not Found: /api/placeholder/300/300
Not Found: /api/placeholder/600/300
Not Found: /api/placeholder/600/400
Not Found: /api/placeholder/300/300
Not Found: /api/placeholder/600/300
Not Found: /api/placeholder/600/400
Not Found: /api/placeholder/600/300
Not Found: /api/placeholder/300/300
Not Found: /api/placeholder/600/400
Not Found: /api/placeholder/300/300
Not Found: /api/placeholder/600/400
Not Found: /api/placeholder/600/300
Not Found: /api/placeholder/600/400
Not Found: /api/placeholder/300/300
Not Found: /api/placeholder/600/300
Not Found: /api/placeholder/300/300
Not Found: /api/placeholder/600/400
Not Found: /api/placeholder/600/300
Not Found: /api/placeholder/300/300
Not Found: /api/placeholder/600/400
Not Found: /api/placeholder/600/300
Not Found: /api/placeholder/300/300
Not Found: /api/placeholder/600/400
Not Found: /api/placeholder/600/300
Not Found: /api/placeholder/600/300
Not Found: /api/placeholder/300/300
Not Found: /api/placeholder/600/400
Not Found: /api/placeholder/300/300
Not Found: /api/placeholder/600/400
Not Found: /api/placeholder/600/300
Not Found: /api/placeholder/300/300
Not Found: /api/placeholder/600/400
Not Found: /api/placeholder/600/300
Not Found: /api/placeholder/300/300
Not Found: /api/placeholder/600/400
Not Found: /api/placeholder/600/300
Not Found: /api/placeholder/300/300
Not Found: /api/placeholder/600/400
Not Found: /api/placeholder/600/300
Watching for file changes with StatReloader
Not Found: /api/placeholder/300/300
Not Found: /api/placeholder/600/400
Not Found: /api/placeholder/600/300
Not Found: /api/placeholder/300/300
Not Found: /api/placeholder/600/400
Not Found: /api/placeholder/600/300
Not Found: /api/placeholder/32/32
Not Found: /api/placeholder/200/200
Not Found: /api/placeholder/100/100
Not Found: /api/placeholder/300/300
Not Found: /api/placeholder/600/400
Not Found: /api/placeholder/600/300
Not Found: /api/placeholder/300/300
Not Found: /api/placeholder/600/300
Not Found: /api/placeholder/600/400
Not Found: /api/placeholder/300/300
Not Found: /api/placeholder/600/400
Not Found: /api/placeholder/600/300
Not Found: /api/placeholder/300/300
Not Found: /api/placeholder/600/400
Not Found: /api/placeholder/600/300
Not Found: /api/placeholder/300/300
Not Found: /api/placeholder/600/400
Not Found: /api/placeholder/600/300
Not Found: /api/placeholder/300/300
Not Found: /api/placeholder/600/300
Not Found: /api/placeholder/600/400
Not Found: /api/placeholder/300/300
Not Found: /api/placeholder/600/300
Not Found: /api/placeholder/600/400
Not Found: /api/placeholder/600/400
Not Found: /api/placeholder/300/300
Not Found: /api/placeholder/600/300
Not Found: /api/placeholder/600/400
Not Found: /api/placeholder/600/300
Not Found: /api/placeholder/300/300
Not Found: /api/placeholder/300/300
Not Found: /api/placeholder/600/300
Not Found: /api/placeholder/600/400
Not Found: /api/placeholder/300/300
Not Found: /api/placeholder/600/400
Not Found: /api/placeholder/600/300
Not Found: /api/placeholder/300/300
Not Found: /api/placeholder/600/400
Not Found: /api/placeholder/600/300
Not Found: /api/placeholder/600/400
Not Found: /api/placeholder/300/300
Not Found: /api/placeholder/600/300
Not Found: /api/placeholder/300/300
Not Found: /api/placeholder/600/400
Not Found: /api/placeholder/600/300
Not Found: /api/placeholder/300/300
Not Found: /api/placeholder/600/300
Not Found: /api/placeholder/600/400
Not Found: /api/placeholder/600/400
Not Found: /api/placeholder/300/300
Not Found: /api/placeholder/600/300
Not Found: /api/placeholder/300/300
Not Found: /api/placeholder/600/400
Not Found: /api/placeholder/600/300
Not Found: /api/placeholder/300/300
Not Found: /api/placeholder/600/400
Not Found: /api/placeholder/600/300
Not Found: /api/placeholder/300/300
Not Found: /api/placeholder/600/400
Not Found: /api/placeholder/600/300
Not Found: /api/placeholder/300/300
Not Found: /api/placeholder/600/400
Not Found: /api/placeholder/600/300
Not Found: /api/placeholder/600/300
Not Found: /api/placeholder/600/400
Not Found: /api/placeholder/300/300
Not Found: /api/placeholder/300/300
Not Found: /api/placeholder/600/400
Not Found: /api/placeholder/600/300
Not Found: /api/placeholder/600/300
Not Found: /api/placeholder/300/300
Not Found: /api/placeholder/600/400
Not Found: /api/placeholder/600/400
Not Found: /api/placeholder/300/300
Not Found: /api/placeholder/600/300
Not Found: /api/placeholder/300/300
Not Found: /api/placeholder/600/300
Not Found: /api/placeholder/600/400
Not Found: /api/placeholder/600/400
Not Found: /api/placeholder/300/300
Not Found: /api/placeholder/600/300
Not Found: /api/placeholder/600/400
Not Found: /api/placeholder/300/300
Not Found: /api/placeholder/600/300
Not Found: /api/placeholder/300/300
Not Found: /api/placeholder/600/400
Not Found: /api/placeholder/600/300
Not Found: /api/placeholder/300/300
Not Found: /api/placeholder/600/400
Not Found: /api/placeholder/600/300
Not Found: /api/placeholder/300/300
Not Found: /api/placeholder/600/400
Not Found: /api/placeholder/600/300
Not Found: /api/placeholder/300/300
Not Found: /api/placeholder/600/400
Not Found: /api/placeholder/600/300
Not Found: /api/placeholder/300/300
Not Found: /api/placeholder/600/400
Not Found: /api/placeholder/600/300
Not Found: /api/placeholder/300/300
Not Found: /api/placeholder/600/400
Not Found: /api/placeholder/600/300
Not Found: /api/placeholder/300/300
Not Found: /api/placeholder/600/400
Not Found: /api/placeholder/600/300
Not Found: /api/placeholder/300/300
Not Found: /api/placeholder/600/400
Not Found: /api/placeholder/600/300
Not Found: /api/placeholder/600/300
Not Found: /api/placeholder/300/300
Not Found: /api/placeholder/600/400
Not Found: /api/placeholder/300/300
Not Found: /api/placeholder/600/300
Not Found: /api/placeholder/600/400
Not Found: /api/placeholder/600/400
Not Found: /api/placeholder/300/300
Not Found: /api/placeholder/600/300
Not Found: /api/placeholder/200/200
Not Found: /api/placeholder/32/32
Not Found: /api/placeholder/100/100
Not Found: /api/placeholder/100/100
/home/diyor/sardor/ecomm_new/app/views.py changed, reloading.
Watching for file changes with StatReloader
/home/diyor/sardor/ecomm_new/app/views.py changed, reloading.
Watching for file changes with StatReloader
/home/diyor/sardor/ecomm_new/app/views.py changed, reloading.
Watching for file changes with StatReloader
/home/diyor/sardor/ecomm_new/app/views.py changed, reloading.
Watching for file changes with StatReloader
/home/diyor/sardor/ecomm_new/app/views.py changed, reloading.
Watching for file changes with StatReloader
/home/diyor/sardor/ecomm_new/app/views.py changed, reloading.
Watching for file changes with StatReloader
/home/diyor/sardor/ecomm_new/app/views.py changed, reloading.
Watching for file changes with StatReloader
/home/diyor/sardor/ecomm_new/app/views.py changed, reloading.
Watching for file changes with StatReloader
/home/diyor/sardor/ecomm_new/app/views.py changed, reloading.
Watching for file changes with StatReloader
Not Found: /api/placeholder/300/300
Not Found: /api/placeholder/600/400
Not Found: /api/placeholder/600/300
Not Found: /api/placeholder/600/300
Not Found: /api/placeholder/600/400
Not Found: /api/placeholder/300/300
Not Found: /api/placeholder/600/400
Not Found: /api/placeholder/300/300
Not Found: /api/placeholder/600/300
Not Found: /api/placeholder/600/400
Not Found: /api/placeholder/300/300
Not Found: /api/placeholder/600/300
Not Found: /api/placeholder/600/400
Not Found: /api/placeholder/300/300
Not Found: /api/placeholder/600/300
Not Found: /api/placeholder/600/300
Not Found: /api/placeholder/600/400
Not Found: /api/placeholder/300/300
Not Found: /api/placeholder/600/400
Not Found: /api/placeholder/300/300
Not Found: /api/placeholder/600/300
Not Found: /api/placeholder/600/400
Not Found: /api/placeholder/300/300
Not Found: /api/placeholder/600/300
Not Found: /api/placeholder/600/400
Not Found: /api/placeholder/300/300
Not Found: /api/placeholder/600/300
Not Found: /api/placeholder/600/400
Not Found: /api/placeholder/300/300
Not Found: /api/placeholder/600/300
Not Found: /api/placeholder/600/400
Not Found: /api/placeholder/300/300
Not Found: /api/placeholder/600/300
Not Found: /api/placeholder/600/400
Not Found: /api/placeholder/300/300
Not Found: /api/placeholder/600/300
Not Found: /api/placeholder/600/400
Not Found: /api/placeholder/300/300
Not Found: /api/placeholder/600/300
Not Found: /api/placeholder/600/400
Not Found: /api/placeholder/300/300
Not Found: /api/placeholder/600/300
Not Found: /api/placeholder/600/400
Not Found: /api/placeholder/300/300
Not Found: /api/placeholder/600/300
Not Found: /api/placeholder/600/400
Not Found: /api/placeholder/300/300
Not Found: /api/placeholder/600/300
